<?xml version="1.0" encoding="UTF-8"?><testrun name="FoundrySemanticTest" project="jpf-actor" tests="4" started="4" failures="0" errors="4" ignored="0">
  <testsuite name="gov.nasa.jpf.test.actor.FoundrySemanticTest" time="1.155">
    <testcase name="test1" classname="gov.nasa.jpf.test.actor.FoundrySemanticTest" time="0.734">
      <error>java.lang.ClassCastException: Cannot cast gov.nasa.jpf.actor.JPF_gov_nasa_jpf_actor_core_Util to gov.nasa.jpf.vm.NativePeer
	at java.lang.Class.cast(Class.java:3369)
	at gov.nasa.jpf.vm.NativePeer.getInstance(NativePeer.java:214)
	at gov.nasa.jpf.vm.NativePeer.getInstance(NativePeer.java:159)
	at gov.nasa.jpf.vm.NativePeer.getNativePeer(NativePeer.java:145)
	at gov.nasa.jpf.vm.ClassInfo.loadNativePeer(ClassInfo.java:831)
	at gov.nasa.jpf.vm.ClassInfo.resolveAndLink(ClassInfo.java:550)
	at gov.nasa.jpf.jvm.JVMClassInfo.&lt;init&gt;(JVMClassInfo.java:621)
	at gov.nasa.jpf.jvm.JVMClassFileContainer$JVMClassFileMatch.createClassInfo(JVMClassFileContainer.java:58)
	at gov.nasa.jpf.jvm.JVMClassFileContainer$JVMClassFileMatch.createClassInfo(JVMClassFileContainer.java:1)
	at gov.nasa.jpf.vm.ClassLoaderInfo.getResolvedClassInfo(ClassLoaderInfo.java:353)
	at gov.nasa.jpf.vm.SystemClassLoaderInfo.getResolvedClassInfo(SystemClassLoaderInfo.java:147)
	at gov.nasa.jpf.vm.ClassLoaderInfo.getCurrentResolvedClassInfo(ClassLoaderInfo.java:149)
	at gov.nasa.jpf.jvm.bytecode.INVOKESTATIC.getClassInfo(INVOKESTATIC.java:45)
	at gov.nasa.jpf.jvm.bytecode.INVOKESTATIC.getInvokedMethod(INVOKESTATIC.java:129)
	at gov.nasa.jpf.jvm.bytecode.INVOKESTATIC.execute(INVOKESTATIC.java:83)
	at gov.nasa.jpf.vm.ThreadInfo.executeInstruction(ThreadInfo.java:1908)
	at gov.nasa.jpf.vm.ThreadInfo.executeTransition(ThreadInfo.java:1859)
	at gov.nasa.jpf.vm.SystemState.executeNextTransition(SystemState.java:765)
	at gov.nasa.jpf.vm.VM.forward(VM.java:1722)
	at gov.nasa.jpf.search.Search.forward(Search.java:579)
	at gov.nasa.jpf.search.DFSearch.search(DFSearch.java:79)
	at gov.nasa.jpf.JPF.run(JPF.java:613)
	at gov.nasa.jpf.test.actor.TestBassetJPF.runBasset(TestBassetJPF.java:40)
	at gov.nasa.jpf.test.actor.TestBassetJPF.runBasset(TestBassetJPF.java:71)
	at gov.nasa.jpf.test.actor.TestBassetJPF.runBasset(TestBassetJPF.java:47)
	at gov.nasa.jpf.test.actor.FoundrySemanticTest.test1(FoundrySemanticTest.java:46)
	at sun.reflect.NativeMethodAccessorImpl.invoke0(Native Method)
	at sun.reflect.NativeMethodAccessorImpl.invoke(NativeMethodAccessorImpl.java:62)
	at sun.reflect.DelegatingMethodAccessorImpl.invoke(DelegatingMethodAccessorImpl.java:43)
	at java.lang.reflect.Method.invoke(Method.java:497)
	at org.junit.runners.model.FrameworkMethod$1.runReflectiveCall(FrameworkMethod.java:50)
	at org.junit.internal.runners.model.ReflectiveCallable.run(ReflectiveCallable.java:12)
	at org.junit.runners.model.FrameworkMethod.invokeExplosively(FrameworkMethod.java:47)
	at org.junit.internal.runners.statements.InvokeMethod.evaluate(InvokeMethod.java:17)
	at org.junit.runners.ParentRunner.runLeaf(ParentRunner.java:325)
	at org.junit.runners.BlockJUnit4ClassRunner.runChild(BlockJUnit4ClassRunner.java:78)
	at org.junit.runners.BlockJUnit4ClassRunner.runChild(BlockJUnit4ClassRunner.java:57)
	at org.junit.runners.ParentRunner$3.run(ParentRunner.java:290)
	at org.junit.runners.ParentRunner$1.schedule(ParentRunner.java:71)
	at org.junit.runners.ParentRunner.runChildren(ParentRunner.java:288)
	at org.junit.runners.ParentRunner.access$000(ParentRunner.java:58)
	at org.junit.runners.ParentRunner$2.evaluate(ParentRunner.java:268)
	at org.junit.runners.ParentRunner.run(ParentRunner.java:363)
	at org.eclipse.jdt.internal.junit4.runner.JUnit4TestReference.run(JUnit4TestReference.java:86)
	at org.eclipse.jdt.internal.junit.runner.TestExecution.run(TestExecution.java:38)
	at org.eclipse.jdt.internal.junit.runner.RemoteTestRunner.runTests(RemoteTestRunner.java:459)
	at org.eclipse.jdt.internal.junit.runner.RemoteTestRunner.runTests(RemoteTestRunner.java:675)
	at org.eclipse.jdt.internal.junit.runner.RemoteTestRunner.run(RemoteTestRunner.java:382)
	at org.eclipse.jdt.internal.junit.runner.RemoteTestRunner.main(RemoteTestRunner.java:192)

</error>
    </testcase>
    <testcase name="test2" classname="gov.nasa.jpf.test.actor.FoundrySemanticTest" time="0.143">
      <error>java.lang.ClassCastException: Cannot cast gov.nasa.jpf.actor.JPF_gov_nasa_jpf_actor_core_Util to gov.nasa.jpf.vm.NativePeer
	at java.lang.Class.cast(Class.java:3369)
	at gov.nasa.jpf.vm.NativePeer.getInstance(NativePeer.java:214)
	at gov.nasa.jpf.vm.NativePeer.getInstance(NativePeer.java:159)
	at gov.nasa.jpf.vm.NativePeer.getNativePeer(NativePeer.java:145)
	at gov.nasa.jpf.vm.ClassInfo.loadNativePeer(ClassInfo.java:831)
	at gov.nasa.jpf.vm.ClassInfo.resolveAndLink(ClassInfo.java:550)
	at gov.nasa.jpf.jvm.JVMClassInfo.&lt;init&gt;(JVMClassInfo.java:621)
	at gov.nasa.jpf.jvm.JVMClassFileContainer$JVMClassFileMatch.createClassInfo(JVMClassFileContainer.java:58)
	at gov.nasa.jpf.jvm.JVMClassFileContainer$JVMClassFileMatch.createClassInfo(JVMClassFileContainer.java:1)
	at gov.nasa.jpf.vm.ClassLoaderInfo.getResolvedClassInfo(ClassLoaderInfo.java:353)
	at gov.nasa.jpf.vm.SystemClassLoaderInfo.getResolvedClassInfo(SystemClassLoaderInfo.java:147)
	at gov.nasa.jpf.vm.ClassLoaderInfo.getCurrentResolvedClassInfo(ClassLoaderInfo.java:149)
	at gov.nasa.jpf.jvm.bytecode.INVOKESTATIC.getClassInfo(INVOKESTATIC.java:45)
	at gov.nasa.jpf.jvm.bytecode.INVOKESTATIC.getInvokedMethod(INVOKESTATIC.java:129)
	at gov.nasa.jpf.jvm.bytecode.INVOKESTATIC.execute(INVOKESTATIC.java:83)
	at gov.nasa.jpf.vm.ThreadInfo.executeInstruction(ThreadInfo.java:1908)
	at gov.nasa.jpf.vm.ThreadInfo.executeTransition(ThreadInfo.java:1859)
	at gov.nasa.jpf.vm.SystemState.executeNextTransition(SystemState.java:765)
	at gov.nasa.jpf.vm.VM.forward(VM.java:1722)
	at gov.nasa.jpf.search.Search.forward(Search.java:579)
	at gov.nasa.jpf.search.DFSearch.search(DFSearch.java:79)
	at gov.nasa.jpf.JPF.run(JPF.java:613)
	at gov.nasa.jpf.test.actor.TestBassetJPF.runBasset(TestBassetJPF.java:40)
	at gov.nasa.jpf.test.actor.TestBassetJPF.runBasset(TestBassetJPF.java:71)
	at gov.nasa.jpf.test.actor.TestBassetJPF.runBasset(TestBassetJPF.java:47)
	at gov.nasa.jpf.test.actor.FoundrySemanticTest.test2(FoundrySemanticTest.java:56)
	at sun.reflect.NativeMethodAccessorImpl.invoke0(Native Method)
	at sun.reflect.NativeMethodAccessorImpl.invoke(NativeMethodAccessorImpl.java:62)
	at sun.reflect.DelegatingMethodAccessorImpl.invoke(DelegatingMethodAccessorImpl.java:43)
	at java.lang.reflect.Method.invoke(Method.java:497)
	at org.junit.runners.model.FrameworkMethod$1.runReflectiveCall(FrameworkMethod.java:50)
	at org.junit.internal.runners.model.ReflectiveCallable.run(ReflectiveCallable.java:12)
	at org.junit.runners.model.FrameworkMethod.invokeExplosively(FrameworkMethod.java:47)
	at org.junit.internal.runners.statements.InvokeMethod.evaluate(InvokeMethod.java:17)
	at org.junit.runners.ParentRunner.runLeaf(ParentRunner.java:325)
	at org.junit.runners.BlockJUnit4ClassRunner.runChild(BlockJUnit4ClassRunner.java:78)
	at org.junit.runners.BlockJUnit4ClassRunner.runChild(BlockJUnit4ClassRunner.java:57)
	at org.junit.runners.ParentRunner$3.run(ParentRunner.java:290)
	at org.junit.runners.ParentRunner$1.schedule(ParentRunner.java:71)
	at org.junit.runners.ParentRunner.runChildren(ParentRunner.java:288)
	at org.junit.runners.ParentRunner.access$000(ParentRunner.java:58)
	at org.junit.runners.ParentRunner$2.evaluate(ParentRunner.java:268)
	at org.junit.runners.ParentRunner.run(ParentRunner.java:363)
	at org.eclipse.jdt.internal.junit4.runner.JUnit4TestReference.run(JUnit4TestReference.java:86)
	at org.eclipse.jdt.internal.junit.runner.TestExecution.run(TestExecution.java:38)
	at org.eclipse.jdt.internal.junit.runner.RemoteTestRunner.runTests(RemoteTestRunner.java:459)
	at org.eclipse.jdt.internal.junit.runner.RemoteTestRunner.runTests(RemoteTestRunner.java:675)
	at org.eclipse.jdt.internal.junit.runner.RemoteTestRunner.run(RemoteTestRunner.java:382)
	at org.eclipse.jdt.internal.junit.runner.RemoteTestRunner.main(RemoteTestRunner.java:192)

</error>
    </testcase>
    <testcase name="test3" classname="gov.nasa.jpf.test.actor.FoundrySemanticTest" time="0.141">
      <error>java.lang.ClassCastException: Cannot cast gov.nasa.jpf.actor.JPF_gov_nasa_jpf_actor_core_Util to gov.nasa.jpf.vm.NativePeer
	at java.lang.Class.cast(Class.java:3369)
	at gov.nasa.jpf.vm.NativePeer.getInstance(NativePeer.java:214)
	at gov.nasa.jpf.vm.NativePeer.getInstance(NativePeer.java:159)
	at gov.nasa.jpf.vm.NativePeer.getNativePeer(NativePeer.java:145)
	at gov.nasa.jpf.vm.ClassInfo.loadNativePeer(ClassInfo.java:831)
	at gov.nasa.jpf.vm.ClassInfo.resolveAndLink(ClassInfo.java:550)
	at gov.nasa.jpf.jvm.JVMClassInfo.&lt;init&gt;(JVMClassInfo.java:621)
	at gov.nasa.jpf.jvm.JVMClassFileContainer$JVMClassFileMatch.createClassInfo(JVMClassFileContainer.java:58)
	at gov.nasa.jpf.jvm.JVMClassFileContainer$JVMClassFileMatch.createClassInfo(JVMClassFileContainer.java:1)
	at gov.nasa.jpf.vm.ClassLoaderInfo.getResolvedClassInfo(ClassLoaderInfo.java:353)
	at gov.nasa.jpf.vm.SystemClassLoaderInfo.getResolvedClassInfo(SystemClassLoaderInfo.java:147)
	at gov.nasa.jpf.vm.ClassLoaderInfo.getCurrentResolvedClassInfo(ClassLoaderInfo.java:149)
	at gov.nasa.jpf.jvm.bytecode.INVOKESTATIC.getClassInfo(INVOKESTATIC.java:45)
	at gov.nasa.jpf.jvm.bytecode.INVOKESTATIC.getInvokedMethod(INVOKESTATIC.java:129)
	at gov.nasa.jpf.jvm.bytecode.INVOKESTATIC.execute(INVOKESTATIC.java:83)
	at gov.nasa.jpf.vm.ThreadInfo.executeInstruction(ThreadInfo.java:1908)
	at gov.nasa.jpf.vm.ThreadInfo.executeTransition(ThreadInfo.java:1859)
	at gov.nasa.jpf.vm.SystemState.executeNextTransition(SystemState.java:765)
	at gov.nasa.jpf.vm.VM.forward(VM.java:1722)
	at gov.nasa.jpf.search.Search.forward(Search.java:579)
	at gov.nasa.jpf.search.DFSearch.search(DFSearch.java:79)
	at gov.nasa.jpf.JPF.run(JPF.java:613)
	at gov.nasa.jpf.test.actor.TestBassetJPF.runBasset(TestBassetJPF.java:40)
	at gov.nasa.jpf.test.actor.TestBassetJPF.runBasset(TestBassetJPF.java:71)
	at gov.nasa.jpf.test.actor.TestBassetJPF.runBasset(TestBassetJPF.java:47)
	at gov.nasa.jpf.test.actor.FoundrySemanticTest.test3(FoundrySemanticTest.java:66)
	at sun.reflect.NativeMethodAccessorImpl.invoke0(Native Method)
	at sun.reflect.NativeMethodAccessorImpl.invoke(NativeMethodAccessorImpl.java:62)
	at sun.reflect.DelegatingMethodAccessorImpl.invoke(DelegatingMethodAccessorImpl.java:43)
	at java.lang.reflect.Method.invoke(Method.java:497)
	at org.junit.runners.model.FrameworkMethod$1.runReflectiveCall(FrameworkMethod.java:50)
	at org.junit.internal.runners.model.ReflectiveCallable.run(ReflectiveCallable.java:12)
	at org.junit.runners.model.FrameworkMethod.invokeExplosively(FrameworkMethod.java:47)
	at org.junit.internal.runners.statements.InvokeMethod.evaluate(InvokeMethod.java:17)
	at org.junit.runners.ParentRunner.runLeaf(ParentRunner.java:325)
	at org.junit.runners.BlockJUnit4ClassRunner.runChild(BlockJUnit4ClassRunner.java:78)
	at org.junit.runners.BlockJUnit4ClassRunner.runChild(BlockJUnit4ClassRunner.java:57)
	at org.junit.runners.ParentRunner$3.run(ParentRunner.java:290)
	at org.junit.runners.ParentRunner$1.schedule(ParentRunner.java:71)
	at org.junit.runners.ParentRunner.runChildren(ParentRunner.java:288)
	at org.junit.runners.ParentRunner.access$000(ParentRunner.java:58)
	at org.junit.runners.ParentRunner$2.evaluate(ParentRunner.java:268)
	at org.junit.runners.ParentRunner.run(ParentRunner.java:363)
	at org.eclipse.jdt.internal.junit4.runner.JUnit4TestReference.run(JUnit4TestReference.java:86)
	at org.eclipse.jdt.internal.junit.runner.TestExecution.run(TestExecution.java:38)
	at org.eclipse.jdt.internal.junit.runner.RemoteTestRunner.runTests(RemoteTestRunner.java:459)
	at org.eclipse.jdt.internal.junit.runner.RemoteTestRunner.runTests(RemoteTestRunner.java:675)
	at org.eclipse.jdt.internal.junit.runner.RemoteTestRunner.run(RemoteTestRunner.java:382)
	at org.eclipse.jdt.internal.junit.runner.RemoteTestRunner.main(RemoteTestRunner.java:192)

</error>
    </testcase>
    <testcase name="test4" classname="gov.nasa.jpf.test.actor.FoundrySemanticTest" time="0.12">
      <error>java.lang.ClassCastException: Cannot cast gov.nasa.jpf.actor.JPF_gov_nasa_jpf_actor_core_Util to gov.nasa.jpf.vm.NativePeer
	at java.lang.Class.cast(Class.java:3369)
	at gov.nasa.jpf.vm.NativePeer.getInstance(NativePeer.java:214)
	at gov.nasa.jpf.vm.NativePeer.getInstance(NativePeer.java:159)
	at gov.nasa.jpf.vm.NativePeer.getNativePeer(NativePeer.java:145)
	at gov.nasa.jpf.vm.ClassInfo.loadNativePeer(ClassInfo.java:831)
	at gov.nasa.jpf.vm.ClassInfo.resolveAndLink(ClassInfo.java:550)
	at gov.nasa.jpf.jvm.JVMClassInfo.&lt;init&gt;(JVMClassInfo.java:621)
	at gov.nasa.jpf.jvm.JVMClassFileContainer$JVMClassFileMatch.createClassInfo(JVMClassFileContainer.java:58)
	at gov.nasa.jpf.jvm.JVMClassFileContainer$JVMClassFileMatch.createClassInfo(JVMClassFileContainer.java:1)
	at gov.nasa.jpf.vm.ClassLoaderInfo.getResolvedClassInfo(ClassLoaderInfo.java:353)
	at gov.nasa.jpf.vm.SystemClassLoaderInfo.getResolvedClassInfo(SystemClassLoaderInfo.java:147)
	at gov.nasa.jpf.vm.ClassLoaderInfo.getCurrentResolvedClassInfo(ClassLoaderInfo.java:149)
	at gov.nasa.jpf.jvm.bytecode.INVOKESTATIC.getClassInfo(INVOKESTATIC.java:45)
	at gov.nasa.jpf.jvm.bytecode.INVOKESTATIC.getInvokedMethod(INVOKESTATIC.java:129)
	at gov.nasa.jpf.jvm.bytecode.INVOKESTATIC.execute(INVOKESTATIC.java:83)
	at gov.nasa.jpf.vm.ThreadInfo.executeInstruction(ThreadInfo.java:1908)
	at gov.nasa.jpf.vm.ThreadInfo.executeTransition(ThreadInfo.java:1859)
	at gov.nasa.jpf.vm.SystemState.executeNextTransition(SystemState.java:765)
	at gov.nasa.jpf.vm.VM.forward(VM.java:1722)
	at gov.nasa.jpf.search.Search.forward(Search.java:579)
	at gov.nasa.jpf.search.DFSearch.search(DFSearch.java:79)
	at gov.nasa.jpf.JPF.run(JPF.java:613)
	at gov.nasa.jpf.test.actor.TestBassetJPF.runBasset(TestBassetJPF.java:40)
	at gov.nasa.jpf.test.actor.TestBassetJPF.runBasset(TestBassetJPF.java:71)
	at gov.nasa.jpf.test.actor.TestBassetJPF.runBasset(TestBassetJPF.java:47)
	at gov.nasa.jpf.test.actor.FoundrySemanticTest.test4(FoundrySemanticTest.java:76)
	at sun.reflect.NativeMethodAccessorImpl.invoke0(Native Method)
	at sun.reflect.NativeMethodAccessorImpl.invoke(NativeMethodAccessorImpl.java:62)
	at sun.reflect.DelegatingMethodAccessorImpl.invoke(DelegatingMethodAccessorImpl.java:43)
	at java.lang.reflect.Method.invoke(Method.java:497)
	at org.junit.runners.model.FrameworkMethod$1.runReflectiveCall(FrameworkMethod.java:50)
	at org.junit.internal.runners.model.ReflectiveCallable.run(ReflectiveCallable.java:12)
	at org.junit.runners.model.FrameworkMethod.invokeExplosively(FrameworkMethod.java:47)
	at org.junit.internal.runners.statements.InvokeMethod.evaluate(InvokeMethod.java:17)
	at org.junit.runners.ParentRunner.runLeaf(ParentRunner.java:325)
	at org.junit.runners.BlockJUnit4ClassRunner.runChild(BlockJUnit4ClassRunner.java:78)
	at org.junit.runners.BlockJUnit4ClassRunner.runChild(BlockJUnit4ClassRunner.java:57)
	at org.junit.runners.ParentRunner$3.run(ParentRunner.java:290)
	at org.junit.runners.ParentRunner$1.schedule(ParentRunner.java:71)
	at org.junit.runners.ParentRunner.runChildren(ParentRunner.java:288)
	at org.junit.runners.ParentRunner.access$000(ParentRunner.java:58)
	at org.junit.runners.ParentRunner$2.evaluate(ParentRunner.java:268)
	at org.junit.runners.ParentRunner.run(ParentRunner.java:363)
	at org.eclipse.jdt.internal.junit4.runner.JUnit4TestReference.run(JUnit4TestReference.java:86)
	at org.eclipse.jdt.internal.junit.runner.TestExecution.run(TestExecution.java:38)
	at org.eclipse.jdt.internal.junit.runner.RemoteTestRunner.runTests(RemoteTestRunner.java:459)
	at org.eclipse.jdt.internal.junit.runner.RemoteTestRunner.runTests(RemoteTestRunner.java:675)
	at org.eclipse.jdt.internal.junit.runner.RemoteTestRunner.run(RemoteTestRunner.java:382)
	at org.eclipse.jdt.internal.junit.runner.RemoteTestRunner.main(RemoteTestRunner.java:192)

</error>
    </testcase>
  </testsuite>
</testrun>
